	c
	Y
	0-1
	11-



Pin	Señal	Col	Fila	Hay	Usadas
1	-	0	-	-	-
2	S	4	-	-	-
3	I0	8	-	-	-
4	I1	12	-	-	-
5	-	16	-	-	-
6	-	20	-	-	-
7	-	24	-	-	-
8	-	28	-	-	-
9	-	32	-	-	-
10	-	36	-	-	-
11	-	40	-	-	-
13	-	42	-	-	-
14	-	38	122	9	0
15	-	34	111	11	0
16	-	30	98	13	0
17	-	26	83	15	0
18	-	22	66	17	0
19	-	18	49	17	0
20	-	14	34	15	0
21	-	10	21	13	0
22	-	6	10	11	0
23	Y	2	1	9	2
25	-	-	0	1	0
26	-	-	131	1	0


BOOLE-DEUSTO 
type: GAL22V10*
QP24*
QF5828*
QV0*
G0*
F0*
L0044 11 11 11 11 11 11 11 11 11 11 11 11 11 11 11 11 11 11 11 11 11 11 *
L0088 11 11 10 11 11 11 01 11 11 11 11 11 11 11 11 11 11 11 11 11 11 11 *
L0132 11 11 01 11 01 11 11 11 11 11 11 11 11 11 11 11 11 11 11 11 11 11 *
L5808 11 11 11 11 11 11 11 11 11 11 *
C12AC*
3AC2