	c
	m
	00-1
	-011
	0-1-

	c
	i
	0000
	1010
	0101
	1111

	c
	M
	-100
	11-0
	1-0-



Pin	Señal	Col	Fila	Hay	Usadas
1	-	0	-	-	-
2	A	4	-	-	-
3	B	8	-	-	-
4	C	12	-	-	-
5	D	16	-	-	-
6	-	20	-	-	-
7	-	24	-	-	-
8	-	28	-	-	-
9	-	32	-	-	-
10	-	36	-	-	-
11	-	40	-	-	-
13	-	42	-	-	-
14	-	38	122	9	0
15	-	34	111	11	0
16	-	30	98	13	0
17	-	26	83	15	0
18	-	22	66	17	0
19	-	18	49	17	0
20	-	14	34	15	0
21	M	10	21	13	3
22	i	6	10	11	4
23	m	2	1	9	3
25	-	-	0	1	0
26	-	-	131	1	0


BOOLE-DEUSTO 
type: GAL22V10*
QP24*
QF5828*
QV0*
G0*
F0*
L0044 11 11 11 11 11 11 11 11 11 11 11 11 11 11 11 11 11 11 11 11 11 11 *
L0088 11 11 10 11 10 11 11 11 01 11 11 11 11 11 11 11 11 11 11 11 11 11 *
L0132 11 11 11 11 10 11 01 11 01 11 11 11 11 11 11 11 11 11 11 11 11 11 *
L0176 11 11 10 11 11 11 01 11 11 11 11 11 11 11 11 11 11 11 11 11 11 11 *
L0440 11 11 11 11 11 11 11 11 11 11 11 11 11 11 11 11 11 11 11 11 11 11 *
L0484 11 11 10 11 10 11 10 11 10 11 11 11 11 11 11 11 11 11 11 11 11 11 *
L0528 11 11 01 11 10 11 01 11 10 11 11 11 11 11 11 11 11 11 11 11 11 11 *
L0572 11 11 10 11 01 11 10 11 01 11 11 11 11 11 11 11 11 11 11 11 11 11 *
L0616 11 11 01 11 01 11 01 11 01 11 11 11 11 11 11 11 11 11 11 11 11 11 *
L0924 11 11 11 11 11 11 11 11 11 11 11 11 11 11 11 11 11 11 11 11 11 11 *
L0968 11 11 11 11 01 11 10 11 10 11 11 11 11 11 11 11 11 11 11 11 11 11 *
L1012 11 11 01 11 01 11 11 11 10 11 11 11 11 11 11 11 11 11 11 11 11 11 *
L1056 11 11 01 11 11 11 10 11 11 11 11 11 11 11 11 11 11 11 11 11 11 11 *
L5808 11 11 11 11 11 11 11 11 11 11 *
C471F*
B89F